Matched on: qgJ3KKRr3qPfKEf10B6RLLJdMwEWITy1ZBVI7iVDas
Name: Bitcoin Cash (BCH) Wallet Address
Link:  https://www.blockchain.com/bch/address/qgJ3KKRr3qPfKEf10B6RLLJdMwEWITy1ZBVI7iVDas

Matched on: QyipIXAsbBHh1rHcrfNbZJxbUzS6VZZbOcMbDsRUo3
Name: Bitcoin Cash (BCH) Wallet Address
Link:  https://www.blockchain.com/bch/address/QyipIXAsbBHh1rHcrfNbZJxbUzS6VZZbOcMbDsRUo3

Matched on: QXcsvahMYFQvFjmSNYlb20UlBvFscHIljP5pW4IptL
Name: Bitcoin Cash (BCH) Wallet Address
Link:  https://www.blockchain.com/bch/address/QXcsvahMYFQvFjmSNYlb20UlBvFscHIljP5pW4IptL

Matched on: PxIO3DwUt5bWzsdKIdJIANc1sQtMv78LkMH4vVZOLu
Name: Bitcoin Cash (BCH) Wallet Address
Link:  https://www.blockchain.com/bch/address/PxIO3DwUt5bWzsdKIdJIANc1sQtMv78LkMH4vVZOLu

Matched on: QqGipoCmNglstXvbCFp8LxMEErPtSfgB4BtYsMXfOD
Name: Bitcoin Cash (BCH) Wallet Address
Link:  https://www.blockchain.com/bch/address/QqGipoCmNglstXvbCFp8LxMEErPtSfgB4BtYsMXfOD

Matched on: Pzv1pt01gmXKU87fWOuj3soLnTTJvxw1MmeLX5M8xE
Name: Bitcoin Cash (BCH) Wallet Address
Link:  https://www.blockchain.com/bch/address/Pzv1pt01gmXKU87fWOuj3soLnTTJvxw1MmeLX5M8xE

Matched on: poqm0YAGVOUk3zfpEKhBdrzQPeTBVYuCCCQvJimZ5m
Name: Bitcoin Cash (BCH) Wallet Address
Link:  https://www.blockchain.com/bch/address/poqm0YAGVOUk3zfpEKhBdrzQPeTBVYuCCCQvJimZ5m

Matched on: PakKO5zL9ypP4YNLcu1Kgx6TVclrc4FxSuS7RHnp8q
Name: Bitcoin Cash (BCH) Wallet Address
Link:  https://www.blockchain.com/bch/address/PakKO5zL9ypP4YNLcu1Kgx6TVclrc4FxSuS7RHnp8q

Matched on: PclzMcT1icOeIRKXPP5SU9gtHAokxZZfYagsW0esST
Name: Bitcoin Cash (BCH) Wallet Address
Link:  https://www.blockchain.com/bch/address/PclzMcT1icOeIRKXPP5SU9gtHAokxZZfYagsW0esST

Matched on: qvvIxfZ5KD0V6EQ0SHmiNorw2oCZHCurEgKgKRxVA0
Name: Bitcoin Cash (BCH) Wallet Address
Link:  https://www.blockchain.com/bch/address/qvvIxfZ5KD0V6EQ0SHmiNorw2oCZHCurEgKgKRxVA0

Matched on: QNRr0K33MY9RUshzjKEHWOWCrYvlpfaZ2ye1DMqGtU
Name: Bitcoin Cash (BCH) Wallet Address
Link:  https://www.blockchain.com/bch/address/QNRr0K33MY9RUshzjKEHWOWCrYvlpfaZ2ye1DMqGtU

Matched on: pVnIvbFaaL6PunCoVkYYCqOwLu6nbYZAZDJSfQmWQI
Name: Bitcoin Cash (BCH) Wallet Address
Link:  https://www.blockchain.com/bch/address/pVnIvbFaaL6PunCoVkYYCqOwLu6nbYZAZDJSfQmWQI

Matched on: Pk3EiAv69uPgFtHrQqvrb2yEfs0pPyIywdsSYlPxJf
Name: Bitcoin Cash (BCH) Wallet Address
Link:  https://www.blockchain.com/bch/address/Pk3EiAv69uPgFtHrQqvrb2yEfs0pPyIywdsSYlPxJf

Matched on: P7QarAreITA7qvfh0PtEm80zljEwvE2r4FbkzqGu0L
Name: Bitcoin Cash (BCH) Wallet Address
Link:  https://www.blockchain.com/bch/address/P7QarAreITA7qvfh0PtEm80zljEwvE2r4FbkzqGu0L

Matched on: pjKpAYHi9tb4QgZCWyVSjTJwUhT9XmAis0iGhxeaMR
Name: Bitcoin Cash (BCH) Wallet Address
Link:  https://www.blockchain.com/bch/address/pjKpAYHi9tb4QgZCWyVSjTJwUhT9XmAis0iGhxeaMR

Matched on: PWjDzRRJdfrmWOdIRPZlIUoFhPB3axnvG7JKEhe2Sg
Name: Bitcoin Cash (BCH) Wallet Address
Link:  https://www.blockchain.com/bch/address/PWjDzRRJdfrmWOdIRPZlIUoFhPB3axnvG7JKEhe2Sg

Matched on: qtzFQyQNvyrBu3yyEsJdkFtXwbNp8DicRzoEC7Ofjr
Name: Bitcoin Cash (BCH) Wallet Address
Link:  https://www.blockchain.com/bch/address/qtzFQyQNvyrBu3yyEsJdkFtXwbNp8DicRzoEC7Ofjr

Matched on: qM1gjAsZrXVL9iuFFdSj0pB2hRf0hsIt0o3Yph5x59
Name: Bitcoin Cash (BCH) Wallet Address
Link:  https://www.blockchain.com/bch/address/qM1gjAsZrXVL9iuFFdSj0pB2hRf0hsIt0o3Yph5x59

Matched on: pk8eX1hkaMVnq4uvaNxOWyb85uOJPdXeNnFTWOWS88
Name: Bitcoin Cash (BCH) Wallet Address
Link:  https://www.blockchain.com/bch/address/pk8eX1hkaMVnq4uvaNxOWyb85uOJPdXeNnFTWOWS88

Matched on: qki8koDiHGo8S4CiYI0LD8zwcU730E8ZejxrwKYFtl
Name: Bitcoin Cash (BCH) Wallet Address
Link:  https://www.blockchain.com/bch/address/qki8koDiHGo8S4CiYI0LD8zwcU730E8ZejxrwKYFtl

Matched on: Pa7QOSRErFpXZOMnwHltUectkPh5aR27XaIFKHy20M
Name: Bitcoin Cash (BCH) Wallet Address
Link:  https://www.blockchain.com/bch/address/Pa7QOSRErFpXZOMnwHltUectkPh5aR27XaIFKHy20M

Matched on: 14JCHe7RbziPWP7X53FzcBwKXb44D7Uv8saN
Name: Bitcoin (₿) Wallet Address
Link:  https://www.blockchain.com/btc/address/14JCHe7RbziPWP7X53FzcBwKXb44D7Uv8saN

Matched on: 3zfpEKhBdrzQPeTBVYuCCCQvJimZ5mXTAX
Name: Bitcoin (₿) Wallet Address
Link:  https://www.blockchain.com/btc/address/3zfpEKhBdrzQPeTBVYuCCCQvJimZ5mXTAX

Matched on: l5n7oimfALXicLkhLzaiGrNFCbBdzxnduq
Name: Litecoin (LTC) Wallet Address
Link:  https://live.blockcypher.com/ltc/address/l5n7oimfALXicLkhLzaiGrNFCbBdzxnduq

Matched on: LLJdMwEWITy1ZBVI7iVDasURCnMuflZLyb
Name: Litecoin (LTC) Wallet Address
Link:  https://live.blockcypher.com/ltc/address/LLJdMwEWITy1ZBVI7iVDasURCnMuflZLyb

Matched on: mChObs9LfQNTFP0bQGOj3Jgo3ZAxE9ka3I
Name: Litecoin (LTC) Wallet Address
Link:  https://live.blockcypher.com/ltc/address/mChObs9LfQNTFP0bQGOj3Jgo3ZAxE9ka3I

Matched on: MbDsRUo3XrG7QXcsvahMYFQvFjmSNYlb20
Name: Litecoin (LTC) Wallet Address
Link:  https://live.blockcypher.com/ltc/address/MbDsRUo3XrG7QXcsvahMYFQvFjmSNYlb20

Matched on: lBvFscHIljP5pW4IptLiz6rPxIO3DwUt5b
Name: Litecoin (LTC) Wallet Address
Link:  https://live.blockcypher.com/ltc/address/lBvFscHIljP5pW4IptLiz6rPxIO3DwUt5b

Matched on: Mv78LkMH4vVZOLuyOUG9txDY14JCHe7Rbz
Name: Litecoin (LTC) Wallet Address
Link:  https://live.blockcypher.com/ltc/address/Mv78LkMH4vVZOLuyOUG9txDY14JCHe7Rbz

Matched on: mEvWtrIXwrj5gF3dZEFFE84khHWhmsUMBy
Name: Litecoin (LTC) Wallet Address
Link:  https://live.blockcypher.com/ltc/address/mEvWtrIXwrj5gF3dZEFFE84khHWhmsUMBy

Matched on: mNglstXvbCFp8LxMEErPtSfgB4BtYsMXfO
Name: Litecoin (LTC) Wallet Address
Link:  https://live.blockcypher.com/ltc/address/mNglstXvbCFp8LxMEErPtSfgB4BtYsMXfO

Matched on: mXKU87fWOuj3soLnTTJvxw1MmeLX5M8xEf
Name: Litecoin (LTC) Wallet Address
Link:  https://live.blockcypher.com/ltc/address/mXKU87fWOuj3soLnTTJvxw1MmeLX5M8xEf

Matched on: m0YAGVOUk3zfpEKhBdrzQPeTBVYuCCCQvJ
Name: Litecoin (LTC) Wallet Address
Link:  https://live.blockcypher.com/ltc/address/m0YAGVOUk3zfpEKhBdrzQPeTBVYuCCCQvJ

Matched on: M00Ity9Pd5EqNyURn1UOXcOv7GR7Px9cti
Name: Litecoin (LTC) Wallet Address
Link:  https://live.blockcypher.com/ltc/address/M00Ity9Pd5EqNyURn1UOXcOv7GR7Px9cti

Matched on: L9ypP4YNLcu1Kgx6TVclrc4FxSuS7RHnp8
Name: Litecoin (LTC) Wallet Address
Link:  https://live.blockcypher.com/ltc/address/L9ypP4YNLcu1Kgx6TVclrc4FxSuS7RHnp8

Matched on: MBPclzMcT1icOeIRKXPP5SU9gtHAokxZZf
Name: Litecoin (LTC) Wallet Address
Link:  https://live.blockcypher.com/ltc/address/MBPclzMcT1icOeIRKXPP5SU9gtHAokxZZf

Matched on: miNorw2oCZHCurEgKgKRxVA01iXPZeFFwz
Name: Litecoin (LTC) Wallet Address
Link:  https://live.blockcypher.com/ltc/address/miNorw2oCZHCurEgKgKRxVA01iXPZeFFwz

Matched on: MY9RUshzjKEHWOWCrYvlpfaZ2ye1DMqGtU
Name: Litecoin (LTC) Wallet Address
Link:  https://live.blockcypher.com/ltc/address/MY9RUshzjKEHWOWCrYvlpfaZ2ye1DMqGtU

Matched on: M74ZvtASGVOedktuj9tI8gAnvlrINunNpV
Name: Litecoin (LTC) Wallet Address
Link:  https://live.blockcypher.com/ltc/address/M74ZvtASGVOedktuj9tI8gAnvlrINunNpV

Matched on: L6PunCoVkYYCqOwLu6nbYZAZDJSfQmWQII
Name: Litecoin (LTC) Wallet Address
Link:  https://live.blockcypher.com/ltc/address/L6PunCoVkYYCqOwLu6nbYZAZDJSfQmWQII

Matched on: lOx7P7QarAreITA7qvfh0PtEm80zljEwvE
Name: Litecoin (LTC) Wallet Address
Link:  https://live.blockcypher.com/ltc/address/lOx7P7QarAreITA7qvfh0PtEm80zljEwvE

Matched on: mm0vTFEZdvxVFZEDWlWpjKpAYHi9tb4QgZ
Name: Litecoin (LTC) Wallet Address
Link:  https://live.blockcypher.com/ltc/address/mm0vTFEZdvxVFZEDWlWpjKpAYHi9tb4QgZ

Matched on: mWOdIRPZlIUoFhPB3axnvG7JKEhe2SgsxL
Name: Litecoin (LTC) Wallet Address
Link:  https://live.blockcypher.com/ltc/address/mWOdIRPZlIUoFhPB3axnvG7JKEhe2SgsxL

Matched on: m5uRvHCmAaOwUYYMOVDdw7ghambu68BfJk
Name: Litecoin (LTC) Wallet Address
Link:  https://live.blockcypher.com/ltc/address/m5uRvHCmAaOwUYYMOVDdw7ghambu68BfJk

Matched on: M1gjAsZrXVL9iuFFdSj0pB2hRf0hsIt0o3
Name: Litecoin (LTC) Wallet Address
Link:  https://live.blockcypher.com/ltc/address/M1gjAsZrXVL9iuFFdSj0pB2hRf0hsIt0o3

Matched on: mHZ2hlnCaS26FJ5alrRre92KJQDvxcoIiA
Name: Litecoin (LTC) Wallet Address
Link:  https://live.blockcypher.com/ltc/address/mHZ2hlnCaS26FJ5alrRre92KJQDvxcoIiA

Matched on: MVnq4uvaNxOWyb85uOJPdXeNnFTWOWS88y
Name: Litecoin (LTC) Wallet Address
Link:  https://live.blockcypher.com/ltc/address/MVnq4uvaNxOWyb85uOJPdXeNnFTWOWS88y

Matched on: lsDlrqki8koDiHGo8S4CiYI0LD8zwcU730
Name: Litecoin (LTC) Wallet Address
Link:  https://live.blockcypher.com/ltc/address/lsDlrqki8koDiHGo8S4CiYI0LD8zwcU730

Matched on: rNFCbBdzxnduqgJ3KKRr3qPfKEf10B6RLL
Name: Ripple (XRP) Wallet Address
Link:  https://xrpscan.com/account/rNFCbBdzxnduqgJ3KKRr3qPfKEf10B6RLL

Matched on: RCnMuflZLybUe8VSXsq3o9JSUcclmvxpn7
Name: Ripple (XRP) Wallet Address
Link:  https://xrpscan.com/account/RCnMuflZLybUe8VSXsq3o9JSUcclmvxpn7

Matched on: rHcrfNbZJxbUzS6VZZbOcMbDsRUo3XrG7Q
Name: Ripple (XRP) Wallet Address
Link:  https://xrpscan.com/account/rHcrfNbZJxbUzS6VZZbOcMbDsRUo3XrG7Q

Matched on: rPxIO3DwUt5bWzsdKIdJIANc1sQtMv78Lk
Name: Ripple (XRP) Wallet Address
Link:  https://xrpscan.com/account/rPxIO3DwUt5bWzsdKIdJIANc1sQtMv78Lk

Matched on: RbziPWP7X53FzcBwKXb44D7Uv8saNPmlQG
Name: Ripple (XRP) Wallet Address
Link:  https://xrpscan.com/account/RbziPWP7X53FzcBwKXb44D7Uv8saNPmlQG

Matched on: rIXwrj5gF3dZEFFE84khHWhmsUMByHNQqG
Name: Ripple (XRP) Wallet Address
Link:  https://xrpscan.com/account/rIXwrj5gF3dZEFFE84khHWhmsUMByHNQqG

Matched on: rzQPeTBVYuCCCQvJimZ5mXTAXXQk647ETl
Name: Ripple (XRP) Wallet Address
Link:  https://xrpscan.com/account/rzQPeTBVYuCCCQvJimZ5mXTAXXQk647ETl

Matched on: rF90ei0q7zhb3jqxJES7nd2pwYOSpDYroJ
Name: Ripple (XRP) Wallet Address
Link:  https://xrpscan.com/account/rF90ei0q7zhb3jqxJES7nd2pwYOSpDYroJ

Matched on: RKXPP5SU9gtHAokxZZfYagsW0esSTPfS9P
Name: Ripple (XRP) Wallet Address
Link:  https://xrpscan.com/account/RKXPP5SU9gtHAokxZZfYagsW0esSTPfS9P

Matched on: Rr0K33MY9RUshzjKEHWOWCrYvlpfaZ2ye1
Name: Ripple (XRP) Wallet Address
Link:  https://xrpscan.com/account/Rr0K33MY9RUshzjKEHWOWCrYvlpfaZ2ye1

Matched on: rM74ZvtASGVOedktuj9tI8gAnvlrINunNp
Name: Ripple (XRP) Wallet Address
Link:  https://xrpscan.com/account/rM74ZvtASGVOedktuj9tI8gAnvlrINunNp

Matched on: rQqvrb2yEfs0pPyIywdsSYlPxJfC4Y7BkE
Name: Ripple (XRP) Wallet Address
Link:  https://xrpscan.com/account/rQqvrb2yEfs0pPyIywdsSYlPxJfC4Y7BkE

Matched on: R20TlOx7P7QarAreITA7qvfh0PtEm80zlj
Name: Ripple (XRP) Wallet Address
Link:  https://xrpscan.com/account/R20TlOx7P7QarAreITA7qvfh0PtEm80zlj

Matched on: RRJdfrmWOdIRPZlIUoFhPB3axnvG7JKEhe
Name: Ripple (XRP) Wallet Address
Link:  https://xrpscan.com/account/RRJdfrmWOdIRPZlIUoFhPB3axnvG7JKEhe

Matched on: RvHCmAaOwUYYMOVDdw7ghambu68BfJk3vs
Name: Ripple (XRP) Wallet Address
Link:  https://xrpscan.com/account/RvHCmAaOwUYYMOVDdw7ghambu68BfJk3vs

Matched on: rBu3yyEsJdkFtXwbNp8DicRzoEC7Ofjrat
Name: Ripple (XRP) Wallet Address
Link:  https://xrpscan.com/account/rBu3yyEsJdkFtXwbNp8DicRzoEC7Ofjrat

Matched on: rXVL9iuFFdSj0pB2hRf0hsIt0o3Yph5x59
Name: Ripple (XRP) Wallet Address
Link:  https://xrpscan.com/account/rXVL9iuFFdSj0pB2hRf0hsIt0o3Yph5x59

Matched on: rRre92KJQDvxcoIiAb0XAlqJM0KWVETbVI
Name: Ripple (XRP) Wallet Address
Link:  https://xrpscan.com/account/rRre92KJQDvxcoIiAb0XAlqJM0KWVETbVI

Matched on: rqki8koDiHGo8S4CiYI0LD8zwcU730E8Ze
Name: Ripple (XRP) Wallet Address
Link:  https://xrpscan.com/account/rqki8koDiHGo8S4CiYI0LD8zwcU730E8Ze

Matched on: rwKYFtlxZD0reNVtBMeJwGmFCzVlpRUaog
Name: Ripple (XRP) Wallet Address
Link:  https://xrpscan.com/account/rwKYFtlxZD0reNVtBMeJwGmFCzVlpRUaog

Matched on: RErFpXZOMnwHltUectkPh5aR27XaIFKHy2
Name: Ripple (XRP) Wallet Address
Link:  https://xrpscan.com/account/RErFpXZOMnwHltUectkPh5aR27XaIFKHy2

Matched on: 6RLLJdMwEWITy1ZBVI7iVDasURCnMuflZLybUe8V
Name: Google ReCaptcha API Key
Exploit: Use the command below to verify that API key is valid:
  $ curl -X POST -d "secret=6RLLJdMwEWITy1ZBVI7iVDasURCnMuflZLybUe8V&response=RESPONSE_TO_VERIFY" https://www.google.com/recaptcha/api/siteverify


Matched on: 6VZZbOcMbDsRUo3XrG7QXcsvahMYFQvFjmSNYlb2
Name: Google ReCaptcha API Key
Exploit: Use the command below to verify that API key is valid:
  $ curl -X POST -d "secret=6VZZbOcMbDsRUo3XrG7QXcsvahMYFQvFjmSNYlb2&response=RESPONSE_TO_VERIFY" https://www.google.com/recaptcha/api/siteverify


Matched on: 6rPxIO3DwUt5bWzsdKIdJIANc1sQtMv78LkMH4vV
Name: Google ReCaptcha API Key
Exploit: Use the command below to verify that API key is valid:
  $ curl -X POST -d "secret=6rPxIO3DwUt5bWzsdKIdJIANc1sQtMv78LkMH4vV&response=RESPONSE_TO_VERIFY" https://www.google.com/recaptcha/api/siteverify


Matched on: 6EQ0SHmiNorw2oCZHCurEgKgKRxVA01iXPZeFFwz
Name: Google ReCaptcha API Key
Exploit: Use the command below to verify that API key is valid:
  $ curl -X POST -d "secret=6EQ0SHmiNorw2oCZHCurEgKgKRxVA01iXPZeFFwz&response=RESPONSE_TO_VERIFY" https://www.google.com/recaptcha/api/siteverify


Matched on: 6PunCoVkYYCqOwLu6nbYZAZDJSfQmWQII0Pk3EiA
Name: Google ReCaptcha API Key
Exploit: Use the command below to verify that API key is valid:
  $ curl -X POST -d "secret=6PunCoVkYYCqOwLu6nbYZAZDJSfQmWQII0Pk3EiA&response=RESPONSE_TO_VERIFY" https://www.google.com/recaptcha/api/siteverify


Matched on: 69uPgFtHrQqvrb2yEfs0pPyIywdsSYlPxJfC4Y7B
Name: Google ReCaptcha API Key
Exploit: Use the command below to verify that API key is valid:
  $ curl -X POST -d "secret=69uPgFtHrQqvrb2yEfs0pPyIywdsSYlPxJfC4Y7B&response=RESPONSE_TO_VERIFY" https://www.google.com/recaptcha/api/siteverify


Matched on: 6FJ5alrRre92KJQDvxcoIiAb0XAlqJM0KWVETbVI
Name: Google ReCaptcha API Key
Exploit: Use the command below to verify that API key is valid:
  $ curl -X POST -d "secret=6FJ5alrRre92KJQDvxcoIiAb0XAlqJM0KWVETbVI&response=RESPONSE_TO_VERIFY" https://www.google.com/recaptcha/api/siteverify


Matched on: 6Hpk8eX1hkaMVnq4uvaNxOWyb85uOJPdXeNnFTWO
Name: Google ReCaptcha API Key
Exploit: Use the command below to verify that API key is valid:
  $ curl -X POST -d "secret=6Hpk8eX1hkaMVnq4uvaNxOWyb85uOJPdXeNnFTWO&response=RESPONSE_TO_VERIFY" https://www.google.com/recaptcha/api/siteverify
